Determining if the pthread_create exist failed with the following output:
Change Dir: /home/sachin/Desktop/ws/forward_kinematics/ws/build/CMakeFiles/CMakeTmp

Run Build Command:"/usr/bin/make" "cmTC_40575/fast"
/usr/bin/make -f CMakeFiles/cmTC_40575.dir/build.make CMakeFiles/cmTC_40575.dir/build
make[1]: Entering directory '/home/sachin/Desktop/ws/forward_kinematics/ws/build/CMakeFiles/CMakeTmp'
Building C object CMakeFiles/cmTC_40575.dir/CheckSymbolExists.c.o
/usr/bin/cc     -o CMakeFiles/cmTC_40575.dir/CheckSymbolExists.c.o   -c /home/sachin/Desktop/ws/forward_kinematics/ws/build/CMakeFiles/CMakeTmp/CheckSymbolExists.c
Linking C executable cmTC_40575
/usr/bin/cmake -E cmake_link_script CMakeFiles/cmTC_40575.dir/link.txt --verbose=1
/usr/bin/cc       CMakeFiles/cmTC_40575.dir/CheckSymbolExists.c.o  -o cmTC_40575 -rdynamic 
CMakeFiles/cmTC_40575.dir/CheckSymbolExists.c.o: In function `main':
CheckSymbolExists.c:(.text+0x16): undefined reference to `pthread_create'
collect2: error: ld returned 1 exit status
CMakeFiles/cmTC_40575.dir/build.make:97: recipe for target 'cmTC_40575' failed
make[1]: *** [cmTC_40575] Error 1
make[1]: Leaving directory '/home/sachin/Desktop/ws/forward_kinematics/ws/build/CMakeFiles/CMakeTmp'
Makefile:126: recipe for target 'cmTC_40575/fast' failed
make: *** [cmTC_40575/fast] Error 2

File /home/sachin/Desktop/ws/forward_kinematics/ws/build/CMakeFiles/CMakeTmp/CheckSymbolExists.c:
/* */
#include <pthread.h>

int main(int argc, char** argv)
{
  (void)argv;
#ifndef pthread_create
  return ((int*)(&pthread_create))[argc];
#else
  (void)argc;
  return 0;
#endif
}

Determining if the function pthread_create exists in the pthreads failed with the following output:
Change Dir: /home/sachin/Desktop/ws/forward_kinematics/ws/build/CMakeFiles/CMakeTmp

Run Build Command:"/usr/bin/make" "cmTC_dca4b/fast"
/usr/bin/make -f CMakeFiles/cmTC_dca4b.dir/build.make CMakeFiles/cmTC_dca4b.dir/build
make[1]: Entering directory '/home/sachin/Desktop/ws/forward_kinematics/ws/build/CMakeFiles/CMakeTmp'
Building C object CMakeFiles/cmTC_dca4b.dir/CheckFunctionExists.c.o
/usr/bin/cc    -DCHECK_FUNCTION_EXISTS=pthread_create   -o CMakeFiles/cmTC_dca4b.dir/CheckFunctionExists.c.o   -c /usr/share/cmake-3.5/Modules/CheckFunctionExists.c
Linking C executable cmTC_dca4b
/usr/bin/cmake -E cmake_link_script CMakeFiles/cmTC_dca4b.dir/link.txt --verbose=1
/usr/bin/cc   -DCHECK_FUNCTION_EXISTS=pthread_create    CMakeFiles/cmTC_dca4b.dir/CheckFunctionExists.c.o  -o cmTC_dca4b -rdynamic -lpthreads 
/usr/bin/ld: cannot find -lpthreads
collect2: error: ld returned 1 exit status
CMakeFiles/cmTC_dca4b.dir/build.make:97: recipe for target 'cmTC_dca4b' failed
make[1]: *** [cmTC_dca4b] Error 1
make[1]: Leaving directory '/home/sachin/Desktop/ws/forward_kinematics/ws/build/CMakeFiles/CMakeTmp'
Makefile:126: recipe for target 'cmTC_dca4b/fast' failed
make: *** [cmTC_dca4b/fast] Error 2


